{gobject
    BaseInitFunc                             (CallbackTag:(ParameterTag:none:void:):BaseInitFunc:(ParameterTag:TypeClass:gpointer:))
    InterfaceFinalizeFunc                    (CallbackTag:(ParameterTag:none:void:):InterfaceFinalizeFunc:(ParameterTag:TypeInterface:gpointer:):(ParameterTag:gpointer:gpointer:))
    TypePluginUse                            (CallbackTag:(ParameterTag:none:void:):TypePluginUse:(ParameterTag:TypePlugin:GTypePlugin*:))
    ObjectFinalizeFunc                       (CallbackTag:(ParameterTag:none:void:):ObjectFinalizeFunc:(ParameterTag:Object:GObject*:))
    ObjectSetPropertyFunc                    (CallbackTag:(ParameterTag:none:void:):ObjectSetPropertyFunc:(ParameterTag:Object:GObject*:):(ParameterTag:guint:guint:):(ParameterTag:Value:const GValue*:):(ParameterTag:ParamSpec:GParamSpec*:))
    VaClosureMarshal                         (CallbackTag:(ParameterTag:none:void:):VaClosureMarshal:(ParameterTag:Closure:GClosure*:):(ParameterTag:Value:GValue*:):(ParameterTag:TypeInstance:gpointer:):(ParameterTag:va_list:va_list:):(ParameterTag:gpointer:gpointer:):(ParameterTag:gint:int:):(ParameterTag::GType*:))
    ObjectGetPropertyFunc                    (CallbackTag:(ParameterTag:none:void:):ObjectGetPropertyFunc:(ParameterTag:Object:GObject*:):(ParameterTag:guint:guint:):(ParameterTag:Value:GValue*:):(ParameterTag:ParamSpec:GParamSpec*:))
    ValueTransform                           (CallbackTag:(ParameterTag:none:void:):ValueTransform:(ParameterTag:Value:const GValue*:):(ParameterTag:Value:GValue*:))
    ToggleNotify                             (CallbackTag:(ParameterTag:none:void:):ToggleNotify:(ParameterTag:gpointer:gpointer:):(ParameterTag:Object:GObject*:):(ParameterTag:gboolean:gboolean:))
    ClassInitFunc                            (CallbackTag:(ParameterTag:none:void:):ClassInitFunc:(ParameterTag:TypeClass:gpointer:):(ParameterTag:gpointer:gpointer:))
    TypeClassCacheFunc                       (CallbackTag:(ParameterTag:gboolean:gboolean:):TypeClassCacheFunc:(ParameterTag:gpointer:gpointer:):(ParameterTag:TypeClass:GTypeClass*:))
    BoxedCopyFunc                            (CallbackTag:(ParameterTag:gpointer:gpointer:):BoxedCopyFunc:(ParameterTag:gpointer:gpointer:))
    BoxedFreeFunc                            (CallbackTag:(ParameterTag:none:void:):BoxedFreeFunc:(ParameterTag:gpointer:gpointer:))
    InterfaceInitFunc                        (CallbackTag:(ParameterTag:none:void:):InterfaceInitFunc:(ParameterTag:TypeInterface:gpointer:):(ParameterTag:gpointer:gpointer:))
    TypePluginCompleteInterfaceInfo          (CallbackTag:(ParameterTag:none:void:):TypePluginCompleteInterfaceInfo:(ParameterTag:TypePlugin:GTypePlugin*:):(ParameterTag:GType:GType:):(ParameterTag:GType:GType:):(ParameterTag:InterfaceInfo:GInterfaceInfo*:))
    InstanceInitFunc                         (CallbackTag:(ParameterTag:none:void:):InstanceInitFunc:(ParameterTag:TypeInstance:GTypeInstance*:):(ParameterTag:TypeClass:gpointer:))
    SignalAccumulator                        (CallbackTag:(ParameterTag:gboolean:gboolean:):SignalAccumulator:(ParameterTag:SignalInvocationHint:GSignalInvocationHint*:):(ParameterTag:Value:GValue*:):(ParameterTag:Value:const GValue*:):(ParameterTag:gpointer:gpointer:))
    BindingTransformFunc                     (CallbackTag:(ParameterTag:gboolean:gboolean:):BindingTransformFunc:(ParameterTag:Binding:GBinding*:):(ParameterTag:Value:const GValue*:):(ParameterTag:Value:GValue*:):(ParameterTag:gpointer:gpointer:))
    BaseFinalizeFunc                         (CallbackTag:(ParameterTag:none:void:):BaseFinalizeFunc:(ParameterTag:TypeClass:gpointer:))
    WeakNotify                               (CallbackTag:(ParameterTag:none:void:):WeakNotify:(ParameterTag:gpointer:gpointer:):(ParameterTag:Object:GObject*:))
    Callback                                 (CallbackTag:(ParameterTag:none:void:):Callback)
    ClassFinalizeFunc                        (CallbackTag:(ParameterTag:none:void:):ClassFinalizeFunc:(ParameterTag:TypeClass:gpointer:):(ParameterTag:gpointer:gpointer:))
    TypePluginUnuse                          (CallbackTag:(ParameterTag:none:void:):TypePluginUnuse:(ParameterTag:TypePlugin:GTypePlugin*:))
    ClosureNotify                            (CallbackTag:(ParameterTag:none:void:):ClosureNotify:(ParameterTag:gpointer:gpointer:):(ParameterTag:Closure:GClosure*:))
    TypeInterfaceCheckFunc                   (CallbackTag:(ParameterTag:none:void:):TypeInterfaceCheckFunc:(ParameterTag:gpointer:gpointer:):(ParameterTag:TypeInterface:gpointer:))
    TypePluginCompleteTypeInfo               (CallbackTag:(ParameterTag:none:void:):TypePluginCompleteTypeInfo:(ParameterTag:TypePlugin:GTypePlugin*:):(ParameterTag:GType:GType:):(ParameterTag:TypeInfo:GTypeInfo*:):(ParameterTag:TypeValueTable:GTypeValueTable*:))
    ClosureMarshal                           (CallbackTag:(ParameterTag:none:void:):ClosureMarshal:(ParameterTag:Closure:GClosure*:):(ParameterTag:Value:GValue*:):(ParameterTag:guint:guint:):(ParameterTag::const GValue*:):(ParameterTag:gpointer:gpointer:):(ParameterTag:gpointer:gpointer:))
    SignalEmissionHook                       (CallbackTag:(ParameterTag:gboolean:gboolean:):SignalEmissionHook:(ParameterTag:SignalInvocationHint:GSignalInvocationHint*:):(ParameterTag:guint:guint:):(ParameterTag::const GValue*:):(ParameterTag:gpointer:gpointer:))
}

{gdkpixbuf
    PixbufModuleLoadAnimationFunc            (CallbackTag:(ParameterTag:PixbufAnimation:GdkPixbufAnimation*:):PixbufModuleLoadAnimationFunc:(ParameterTag:gpointer:FILE*:))
    PixbufModuleLoadXpmDataFunc              (CallbackTag:(ParameterTag:Pixbuf:GdkPixbuf*:):PixbufModuleLoadXpmDataFunc:(ParameterTag::const char**:))
    PixbufModuleFillVtableFunc               (CallbackTag:(ParameterTag:none:void:):PixbufModuleFillVtableFunc:(ParameterTag:PixbufModule:GdkPixbufModule*:))
    PixbufModuleSaveFunc                     (CallbackTag:(ParameterTag:gboolean:gboolean:):PixbufModuleSaveFunc:(ParameterTag:gpointer:FILE*:):(ParameterTag:Pixbuf:GdkPixbuf*:):(ParameterTag::gchar**:):(ParameterTag::gchar**:))
    PixbufSaveFunc                           (CallbackTag:(ParameterTag:gboolean:gboolean:):PixbufSaveFunc:(ParameterTag::const gchar*:):(ParameterTag:gsize:gsize:):(ParameterTag:GLib.Error:GError**:):(ParameterTag:gpointer:gpointer:))
    PixbufModuleSaveOptionSupportedFunc      (CallbackTag:(ParameterTag:gboolean:gboolean:):PixbufModuleSaveOptionSupportedFunc:(ParameterTag:utf8:const gchar*:))
    PixbufModuleUpdatedFunc                  (CallbackTag:(ParameterTag:none:void:):PixbufModuleUpdatedFunc:(ParameterTag:Pixbuf:GdkPixbuf*:):(ParameterTag:gint:int:):(ParameterTag:gint:int:):(ParameterTag:gint:int:):(ParameterTag:gint:int:):(ParameterTag:gpointer:gpointer:))
    PixbufModuleIncrementLoadFunc            (CallbackTag:(ParameterTag:gboolean:gboolean:):PixbufModuleIncrementLoadFunc:(ParameterTag:gpointer:gpointer:):(ParameterTag::const guchar*:):(ParameterTag:guint:guint:))
    PixbufModulePreparedFunc                 (CallbackTag:(ParameterTag:none:void:):PixbufModulePreparedFunc:(ParameterTag:Pixbuf:GdkPixbuf*:):(ParameterTag:PixbufAnimation:GdkPixbufAnimation*:):(ParameterTag:gpointer:gpointer:))
    PixbufModuleBeginLoadFunc                (CallbackTag:(ParameterTag:gpointer:gpointer:):PixbufModuleBeginLoadFunc:(ParameterTag:PixbufModuleSizeFunc:GdkPixbufModuleSizeFunc:):(ParameterTag:PixbufModulePreparedFunc:GdkPixbufModulePreparedFunc:):(ParameterTag:PixbufModuleUpdatedFunc:GdkPixbufModuleUpdatedFunc:):(ParameterTag:gpointer:gpointer:))
    PixbufModuleSizeFunc                     (CallbackTag:(ParameterTag:none:void:):PixbufModuleSizeFunc:(ParameterTag:gint:gint*:):(ParameterTag:gint:gint*:):(ParameterTag:gpointer:gpointer:))
    PixbufModuleFillInfoFunc                 (CallbackTag:(ParameterTag:none:void:):PixbufModuleFillInfoFunc:(ParameterTag:PixbufFormat:GdkPixbufFormat*:))
    PixbufDestroyNotify                      (CallbackTag:(ParameterTag:none:void:):PixbufDestroyNotify:(ParameterTag::guchar*:):(ParameterTag:gpointer:gpointer:))
    PixbufModuleSaveCallbackFunc             (CallbackTag:(ParameterTag:gboolean:gboolean:):PixbufModuleSaveCallbackFunc:(ParameterTag:PixbufSaveFunc:GdkPixbufSaveFunc:):(ParameterTag:gpointer:gpointer:):(ParameterTag:Pixbuf:GdkPixbuf*:):(ParameterTag::gchar**:):(ParameterTag::gchar**:))
    PixbufModuleStopLoadFunc                 (CallbackTag:(ParameterTag:gboolean:gboolean:):PixbufModuleStopLoadFunc:(ParameterTag:gpointer:gpointer:))
    PixbufModuleLoadFunc                     (CallbackTag:(ParameterTag:Pixbuf:GdkPixbuf*:):PixbufModuleLoadFunc:(ParameterTag:gpointer:FILE*:))
}

{adw
    AnimationTargetFunc                      (CallbackTag:(ParameterTag:none:void:):AnimationTargetFunc:(ParameterTag:gdouble:double:):(ParameterTag:gpointer:gpointer:))
}

{gio
    FileMeasureProgressCallback              (CallbackTag:(ParameterTag:none:void:):FileMeasureProgressCallback:(ParameterTag:gboolean:gboolean:):(ParameterTag:guint64:guint64:):(ParameterTag:guint64:guint64:):(ParameterTag:guint64:guint64:):(ParameterTag:gpointer:gpointer:))
    SocketSourceFunc                         (CallbackTag:(ParameterTag:gboolean:gboolean:):SocketSourceFunc:(ParameterTag:Socket:GSocket*:):(ParameterTag:GLib.IOCondition:GIOCondition:):(ParameterTag:gpointer:gpointer:))
    FileProgressCallback                     (CallbackTag:(ParameterTag:none:void:):FileProgressCallback:(ParameterTag:gint64:goffset:):(ParameterTag:gint64:goffset:):(ParameterTag:gpointer:gpointer:))
    TaskThreadFunc                           (CallbackTag:(ParameterTag:none:void:):TaskThreadFunc:(ParameterTag:Task:GTask*:):(ParameterTag:GObject.Object:gpointer:):(ParameterTag:gpointer:gpointer:):(ParameterTag:Cancellable:GCancellable*:))
    DBusSubtreeEnumerateFunc                 (CallbackTag:(ParameterTag::gchar**:):DBusSubtreeEnumerateFunc:(ParameterTag:DBusConnection:GDBusConnection*:):(ParameterTag:utf8:const gchar*:):(ParameterTag:utf8:const gchar*:):(ParameterTag:gpointer:gpointer:))
    DBusMessageFilterFunction                (CallbackTag:(ParameterTag:DBusMessage:GDBusMessage*:):DBusMessageFilterFunction:(ParameterTag:DBusConnection:GDBusConnection*:):(ParameterTag:DBusMessage:GDBusMessage*:):(ParameterTag:gboolean:gboolean:):(ParameterTag:gpointer:gpointer:))
    DesktopAppLaunchCallback                 (CallbackTag:(ParameterTag:none:void:):DesktopAppLaunchCallback:(ParameterTag:DesktopAppInfo:GDesktopAppInfo*:):(ParameterTag:GLib.Pid:GPid:):(ParameterTag:gpointer:gpointer:))
    CancellableSourceFunc                    (CallbackTag:(ParameterTag:gboolean:gboolean:):CancellableSourceFunc:(ParameterTag:Cancellable:GCancellable*:):(ParameterTag:gpointer:gpointer:))
    DBusProxyTypeFunc                        (CallbackTag:(ParameterTag:GType:GType:):DBusProxyTypeFunc:(ParameterTag:DBusObjectManagerClient:GDBusObjectManagerClient*:):(ParameterTag:utf8:const gchar*:):(ParameterTag:utf8:const gchar*:):(ParameterTag:gpointer:gpointer:))
    DatagramBasedSourceFunc                  (CallbackTag:(ParameterTag:gboolean:gboolean:):DatagramBasedSourceFunc:(ParameterTag:DatagramBased:GDatagramBased*:):(ParameterTag:GLib.IOCondition:GIOCondition:):(ParameterTag:gpointer:gpointer:))
    BusNameAppearedCallback                  (CallbackTag:(ParameterTag:none:void:):BusNameAppearedCallback:(ParameterTag:DBusConnection:GDBusConnection*:):(ParameterTag:utf8:const gchar*:):(ParameterTag:utf8:const gchar*:):(ParameterTag:gpointer:gpointer:))
    BusNameAcquiredCallback                  (CallbackTag:(ParameterTag:none:void:):BusNameAcquiredCallback:(ParameterTag:DBusConnection:GDBusConnection*:):(ParameterTag:utf8:const gchar*:):(ParameterTag:gpointer:gpointer:))
    PollableSourceFunc                       (CallbackTag:(ParameterTag:gboolean:gboolean:):PollableSourceFunc:(ParameterTag:GObject.Object:GObject*:):(ParameterTag:gpointer:gpointer:))
    SimpleAsyncThreadFunc                    (CallbackTag:(ParameterTag:none:void:):SimpleAsyncThreadFunc:(ParameterTag:SimpleAsyncResult:GSimpleAsyncResult*:):(ParameterTag:GObject.Object:GObject*:):(ParameterTag:Cancellable:GCancellable*:))
    AsyncReadyCallback                       (CallbackTag:(ParameterTag:none:void:):AsyncReadyCallback:(ParameterTag:GObject.Object:GObject*:):(ParameterTag:AsyncResult:GAsyncResult*:):(ParameterTag:gpointer:gpointer:))
    BusAcquiredCallback                      (CallbackTag:(ParameterTag:none:void:):BusAcquiredCallback:(ParameterTag:DBusConnection:GDBusConnection*:):(ParameterTag:utf8:const gchar*:):(ParameterTag:gpointer:gpointer:))
    DBusInterfaceSetPropertyFunc             (CallbackTag:(ParameterTag:gboolean:gboolean:):DBusInterfaceSetPropertyFunc:(ParameterTag:DBusConnection:GDBusConnection*:):(ParameterTag:utf8:const gchar*:):(ParameterTag:utf8:const gchar*:):(ParameterTag:utf8:const gchar*:):(ParameterTag:utf8:const gchar*:):(ParameterTag:GLib.Variant:GVariant*:):(ParameterTag:GLib.Error:GError**:):(ParameterTag:gpointer:gpointer:))
    SettingsGetMapping                       (CallbackTag:(ParameterTag:gboolean:gboolean:):SettingsGetMapping:(ParameterTag:GLib.Variant:GVariant*:):(ParameterTag:gpointer:gpointer*:):(ParameterTag:gpointer:gpointer:))
    ReallocFunc                              (CallbackTag:(ParameterTag:gpointer:gpointer:):ReallocFunc:(ParameterTag:gpointer:gpointer:):(ParameterTag:gsize:gsize:))
    VfsFileLookupFunc                        (CallbackTag:(ParameterTag:File:GFile*:):VfsFileLookupFunc:(ParameterTag:Vfs:GVfs*:):(ParameterTag:utf8:const char*:):(ParameterTag:gpointer:gpointer:))
    BusNameVanishedCallback                  (CallbackTag:(ParameterTag:none:void:):BusNameVanishedCallback:(ParameterTag:DBusConnection:GDBusConnection*:):(ParameterTag:utf8:const gchar*:):(ParameterTag:gpointer:gpointer:))
    DBusInterfaceGetPropertyFunc             (CallbackTag:(ParameterTag:GLib.Variant:GVariant*:):DBusInterfaceGetPropertyFunc:(ParameterTag:DBusConnection:GDBusConnection*:):(ParameterTag:utf8:const gchar*:):(ParameterTag:utf8:const gchar*:):(ParameterTag:utf8:const gchar*:):(ParameterTag:utf8:const gchar*:):(ParameterTag:GLib.Error:GError**:):(ParameterTag:gpointer:gpointer:))
    SettingsBindSetMapping                   (CallbackTag:(ParameterTag:GLib.Variant:GVariant*:):SettingsBindSetMapping:(ParameterTag:GObject.Value:const GValue*:):(ParameterTag:GLib.VariantType:const GVariantType*:):(ParameterTag:gpointer:gpointer:))
    SettingsBindGetMapping                   (CallbackTag:(ParameterTag:gboolean:gboolean:):SettingsBindGetMapping:(ParameterTag:GObject.Value:GValue*:):(ParameterTag:GLib.Variant:GVariant*:):(ParameterTag:gpointer:gpointer:))
    BusNameLostCallback                      (CallbackTag:(ParameterTag:none:void:):BusNameLostCallback:(ParameterTag:DBusConnection:GDBusConnection*:):(ParameterTag:utf8:const gchar*:):(ParameterTag:gpointer:gpointer:))
    DBusSubtreeDispatchFunc                  (CallbackTag:(ParameterTag:DBusInterfaceVTable:const GDBusInterfaceVTable*:):DBusSubtreeDispatchFunc:(ParameterTag:DBusConnection:GDBusConnection*:):(ParameterTag:utf8:const gchar*:):(ParameterTag:utf8:const gchar*:):(ParameterTag:utf8:const gchar*:):(ParameterTag:utf8:const gchar*:):(ParameterTag:gpointer:gpointer*:):(ParameterTag:gpointer:gpointer:))
    DBusSubtreeIntrospectFunc                (CallbackTag:(ParameterTag::GDBusInterfaceInfo**:):DBusSubtreeIntrospectFunc:(ParameterTag:DBusConnection:GDBusConnection*:):(ParameterTag:utf8:const gchar*:):(ParameterTag:utf8:const gchar*:):(ParameterTag:utf8:const gchar*:):(ParameterTag:gpointer:gpointer:))
    IOSchedulerJobFunc                       (CallbackTag:(ParameterTag:gboolean:gboolean:):IOSchedulerJobFunc:(ParameterTag:IOSchedulerJob:GIOSchedulerJob*:):(ParameterTag:Cancellable:GCancellable*:):(ParameterTag:gpointer:gpointer:))
    FileReadMoreCallback                     (CallbackTag:(ParameterTag:gboolean:gboolean:):FileReadMoreCallback:(ParameterTag:utf8:const char*:):(ParameterTag:gint64:goffset:):(ParameterTag:gpointer:gpointer:))
    DBusInterfaceMethodCallFunc              (CallbackTag:(ParameterTag:none:void:):DBusInterfaceMethodCallFunc:(ParameterTag:DBusConnection:GDBusConnection*:):(ParameterTag:utf8:const gchar*:):(ParameterTag:utf8:const gchar*:):(ParameterTag:utf8:const gchar*:):(ParameterTag:utf8:const gchar*:):(ParameterTag:GLib.Variant:GVariant*:):(ParameterTag:DBusMethodInvocation:GDBusMethodInvocation*:):(ParameterTag:gpointer:gpointer:))
    DBusSignalCallback                       (CallbackTag:(ParameterTag:none:void:):DBusSignalCallback:(ParameterTag:DBusConnection:GDBusConnection*:):(ParameterTag:utf8:const gchar*:):(ParameterTag:utf8:const gchar*:):(ParameterTag:utf8:const gchar*:):(ParameterTag:utf8:const gchar*:):(ParameterTag:GLib.Variant:GVariant*:):(ParameterTag:gpointer:gpointer:))
}

{pango
    AttrDataCopyFunc                         (CallbackTag:(ParameterTag:gpointer:gpointer:):AttrDataCopyFunc:(ParameterTag:gpointer:gconstpointer:))
    AttrFilterFunc                           (CallbackTag:(ParameterTag:gboolean:gboolean:):AttrFilterFunc:(ParameterTag:Attribute:PangoAttribute*:):(ParameterTag:gpointer:gpointer:))
    FontsetForeachFunc                       (CallbackTag:(ParameterTag:gboolean:gboolean:):FontsetForeachFunc:(ParameterTag:Fontset:PangoFontset*:):(ParameterTag:Font:PangoFont*:):(ParameterTag:gpointer:gpointer:))
}

{gsk
    ParseErrorFunc                           (CallbackTag:(ParameterTag:none:void:):ParseErrorFunc:(ParameterTag:ParseLocation:const GskParseLocation*:):(ParameterTag:ParseLocation:const GskParseLocation*:):(ParameterTag:GLib.Error:const GError*:):(ParameterTag:gpointer:gpointer:))
}

{pangocairo
    ShapeRendererFunc                        (CallbackTag:(ParameterTag:none:void:):ShapeRendererFunc:(ParameterTag:cairo.Context:cairo_t*:):(ParameterTag:Pango.AttrShape:PangoAttrShape*:):(ParameterTag:gboolean:gboolean:):(ParameterTag:gpointer:gpointer:))
}

{glib
    ClearHandleFunc                          (CallbackTag:(ParameterTag:none:void:):ClearHandleFunc:(ParameterTag:guint:guint:))
    TestLogFatalFunc                         (CallbackTag:(ParameterTag:gboolean:gboolean:):TestLogFatalFunc:(ParameterTag:utf8:const gchar*:):(ParameterTag:LogLevelFlags:GLogLevelFlags:):(ParameterTag:utf8:const gchar*:):(ParameterTag:gpointer:gpointer:))
    DestroyNotify                            (CallbackTag:(ParameterTag:none:void:):DestroyNotify:(ParameterTag:gpointer:gpointer:))
    HookCheckFunc                            (CallbackTag:(ParameterTag:gboolean:gboolean:):HookCheckFunc:(ParameterTag:gpointer:gpointer:))
    IOFunc                                   (CallbackTag:(ParameterTag:gboolean:gboolean:):IOFunc:(ParameterTag:IOChannel:GIOChannel*:):(ParameterTag:IOCondition:GIOCondition:):(ParameterTag:gpointer:gpointer:))
    SourceFunc                               (CallbackTag:(ParameterTag:gboolean:gboolean:):SourceFunc:(ParameterTag:gpointer:gpointer:))
    ErrorInitFunc                            (CallbackTag:(ParameterTag:none:void:):ErrorInitFunc:(ParameterTag:Error:GError*:))
    OptionErrorFunc                          (CallbackTag:(ParameterTag:none:void:):OptionErrorFunc:(ParameterTag:OptionContext:GOptionContext*:):(ParameterTag:OptionGroup:GOptionGroup*:):(ParameterTag:gpointer:gpointer:))
    ChildWatchFunc                           (CallbackTag:(ParameterTag:none:void:):ChildWatchFunc:(ParameterTag:Pid:GPid:):(ParameterTag:gint:gint:):(ParameterTag:gpointer:gpointer:))
    LogFunc                                  (CallbackTag:(ParameterTag:none:void:):LogFunc:(ParameterTag:utf8:const gchar*:):(ParameterTag:LogLevelFlags:GLogLevelFlags:):(ParameterTag:utf8:const gchar*:):(ParameterTag:gpointer:gpointer:))
    TestDataFunc                             (CallbackTag:(ParameterTag:none:void:):TestDataFunc:(ParameterTag:gpointer:gconstpointer:))
    CompareDataFunc                          (CallbackTag:(ParameterTag:gint:gint:):CompareDataFunc:(ParameterTag:gpointer:gconstpointer:):(ParameterTag:gpointer:gconstpointer:):(ParameterTag:gpointer:gpointer:))
    ErrorCopyFunc                            (CallbackTag:(ParameterTag:none:void:):ErrorCopyFunc:(ParameterTag:Error:const GError*:):(ParameterTag:Error:GError*:))
    PrintFunc                                (CallbackTag:(ParameterTag:none:void:):PrintFunc:(ParameterTag:utf8:const gchar*:))
    ThreadFunc                               (CallbackTag:(ParameterTag:gpointer:gpointer:):ThreadFunc:(ParameterTag:gpointer:gpointer:))
    HookCheckMarshaller                      (CallbackTag:(ParameterTag:gboolean:gboolean:):HookCheckMarshaller:(ParameterTag:Hook:GHook*:):(ParameterTag:gpointer:gpointer:))
    HookFinalizeFunc                         (CallbackTag:(ParameterTag:none:void:):HookFinalizeFunc:(ParameterTag:HookList:GHookList*:):(ParameterTag:Hook:GHook*:))
    TraverseNodeFunc                         (CallbackTag:(ParameterTag:gboolean:gboolean:):TraverseNodeFunc:(ParameterTag:TreeNode:GTreeNode*:):(ParameterTag:gpointer:gpointer:))
    SourceDummyMarshal                       (CallbackTag:(ParameterTag:none:void:):SourceDummyMarshal)
    NodeTraverseFunc                         (CallbackTag:(ParameterTag:gboolean:gboolean:):NodeTraverseFunc:(ParameterTag:Node:GNode*:):(ParameterTag:gpointer:gpointer:))
    NodeForeachFunc                          (CallbackTag:(ParameterTag:none:void:):NodeForeachFunc:(ParameterTag:Node:GNode*:):(ParameterTag:gpointer:gpointer:))
    EqualFuncFull                            (CallbackTag:(ParameterTag:gboolean:gboolean:):EqualFuncFull:(ParameterTag:gpointer:gconstpointer:):(ParameterTag:gpointer:gconstpointer:):(ParameterTag:gpointer:gpointer:))
    HookFunc                                 (CallbackTag:(ParameterTag:none:void:):HookFunc:(ParameterTag:gpointer:gpointer:))
    HFunc                                    (CallbackTag:(ParameterTag:none:void:):HFunc:(ParameterTag:gpointer:gpointer:):(ParameterTag:gpointer:gpointer:):(ParameterTag:gpointer:gpointer:))
    HookCompareFunc                          (CallbackTag:(ParameterTag:gint:gint:):HookCompareFunc:(ParameterTag:Hook:GHook*:):(ParameterTag:Hook:GHook*:))
    TraverseFunc                             (CallbackTag:(ParameterTag:gboolean:gboolean:):TraverseFunc:(ParameterTag:gpointer:gpointer:):(ParameterTag:gpointer:gpointer:):(ParameterTag:gpointer:gpointer:))
    HashFunc                                 (CallbackTag:(ParameterTag:guint:guint:):HashFunc:(ParameterTag:gpointer:gconstpointer:))
    DataForeachFunc                          (CallbackTag:(ParameterTag:none:void:):DataForeachFunc:(ParameterTag:Quark:GQuark:):(ParameterTag:gpointer:gpointer:):(ParameterTag:gpointer:gpointer:))
    DuplicateFunc                            (CallbackTag:(ParameterTag:gpointer:gpointer:):DuplicateFunc:(ParameterTag:gpointer:gpointer:):(ParameterTag:gpointer:gpointer:))
    Func                                     (CallbackTag:(ParameterTag:none:void:):Func:(ParameterTag:gpointer:gpointer:):(ParameterTag:gpointer:gpointer:))
    SourceDisposeFunc                        (CallbackTag:(ParameterTag:none:void:):SourceDisposeFunc:(ParameterTag:Source:GSource*:))
    TestFixtureFunc                          (CallbackTag:(ParameterTag:none:void:):TestFixtureFunc:(ParameterTag:gpointer:gpointer:):(ParameterTag:gpointer:gconstpointer:))
    VoidFunc                                 (CallbackTag:(ParameterTag:none:void:):VoidFunc)
    EqualFunc                                (CallbackTag:(ParameterTag:gboolean:gboolean:):EqualFunc:(ParameterTag:gpointer:gconstpointer:):(ParameterTag:gpointer:gconstpointer:))
    CopyFunc                                 (CallbackTag:(ParameterTag:gpointer:gpointer:):CopyFunc:(ParameterTag:gpointer:gconstpointer:):(ParameterTag:gpointer:gpointer:))
    FreeFunc                                 (CallbackTag:(ParameterTag:none:void:):FreeFunc:(ParameterTag:gpointer:gpointer:))
    PollFunc                                 (CallbackTag:(ParameterTag:gint:gint:):PollFunc:(ParameterTag:PollFD:GPollFD*:):(ParameterTag:guint:guint:):(ParameterTag:gint:gint:))
    LogWriterFunc                            (CallbackTag:(ParameterTag:LogWriterOutput:GLogWriterOutput:):LogWriterFunc:(ParameterTag:LogLevelFlags:GLogLevelFlags:):(ParameterTag::const GLogField*:):(ParameterTag:gsize:gsize:):(ParameterTag:gpointer:gpointer:))
    SequenceIterCompareFunc                  (CallbackTag:(ParameterTag:gint:gint:):SequenceIterCompareFunc:(ParameterTag:SequenceIter:GSequenceIter*:):(ParameterTag:SequenceIter:GSequenceIter*:):(ParameterTag:gpointer:gpointer:))
    HookMarshaller                           (CallbackTag:(ParameterTag:none:void:):HookMarshaller:(ParameterTag:Hook:GHook*:):(ParameterTag:gpointer:gpointer:))
    OptionParseFunc                          (CallbackTag:(ParameterTag:gboolean:gboolean:):OptionParseFunc:(ParameterTag:OptionContext:GOptionContext*:):(ParameterTag:OptionGroup:GOptionGroup*:):(ParameterTag:gpointer:gpointer:))
    ScannerMsgFunc                           (CallbackTag:(ParameterTag:none:void:):ScannerMsgFunc:(ParameterTag:Scanner:GScanner*:):(ParameterTag:utf8:gchar*:):(ParameterTag:gboolean:gboolean:))
    CompareFunc                              (CallbackTag:(ParameterTag:gint:gint:):CompareFunc:(ParameterTag:gpointer:gconstpointer:):(ParameterTag:gpointer:gconstpointer:))
    HookFindFunc                             (CallbackTag:(ParameterTag:gboolean:gboolean:):HookFindFunc:(ParameterTag:Hook:GHook*:):(ParameterTag:gpointer:gpointer:))
    ErrorClearFunc                           (CallbackTag:(ParameterTag:none:void:):ErrorClearFunc:(ParameterTag:Error:GError*:))
    HRFunc                                   (CallbackTag:(ParameterTag:gboolean:gboolean:):HRFunc:(ParameterTag:gpointer:gpointer:):(ParameterTag:gpointer:gpointer:):(ParameterTag:gpointer:gpointer:))
    TestFunc                                 (CallbackTag:(ParameterTag:none:void:):TestFunc)
    SourceOnceFunc                           (CallbackTag:(ParameterTag:none:void:):SourceOnceFunc:(ParameterTag:gpointer:gpointer:))
    RegexEvalCallback                        (CallbackTag:(ParameterTag:gboolean:gboolean:):RegexEvalCallback:(ParameterTag:MatchInfo:const GMatchInfo*:):(ParameterTag:String:GString*:):(ParameterTag:gpointer:gpointer:))
    OptionArgFunc                            (CallbackTag:(ParameterTag:gboolean:gboolean:):OptionArgFunc:(ParameterTag:utf8:const gchar*:):(ParameterTag:utf8:const gchar*:):(ParameterTag:gpointer:gpointer:))
    UnixFDSourceFunc                         (CallbackTag:(ParameterTag:gboolean:gboolean:):UnixFDSourceFunc:(ParameterTag:gint:gint:):(ParameterTag:IOCondition:GIOCondition:):(ParameterTag:gpointer:gpointer:))
    SpawnChildSetupFunc                      (CallbackTag:(ParameterTag:none:void:):SpawnChildSetupFunc:(ParameterTag:gpointer:gpointer:))
    TranslateFunc                            (CallbackTag:(ParameterTag:utf8:const gchar*:):TranslateFunc:(ParameterTag:utf8:const gchar*:):(ParameterTag:gpointer:gpointer:))
}

{gtk
    TreeListModelCreateModelFunc             (CallbackTag:(ParameterTag:Gio.ListModel:GListModel*:):TreeListModelCreateModelFunc:(ParameterTag:GObject.Object:gpointer:):(ParameterTag:gpointer:gpointer:))
    CellAllocCallback                        (CallbackTag:(ParameterTag:gboolean:gboolean:):CellAllocCallback:(ParameterTag:CellRenderer:GtkCellRenderer*:):(ParameterTag:Gdk.Rectangle:const GdkRectangle*:):(ParameterTag:Gdk.Rectangle:const GdkRectangle*:):(ParameterTag:gpointer:gpointer:))
    TreeSelectionFunc                        (CallbackTag:(ParameterTag:gboolean:gboolean:):TreeSelectionFunc:(ParameterTag:TreeSelection:GtkTreeSelection*:):(ParameterTag:TreeModel:GtkTreeModel*:):(ParameterTag:TreePath:GtkTreePath*:):(ParameterTag:gboolean:gboolean:):(ParameterTag:gpointer:gpointer:))
    AssistantPageFunc                        (CallbackTag:(ParameterTag:gint:int:):AssistantPageFunc:(ParameterTag:gint:int:):(ParameterTag:gpointer:gpointer:))
    ShortcutFunc                             (CallbackTag:(ParameterTag:gboolean:gboolean:):ShortcutFunc:(ParameterTag:Widget:GtkWidget*:):(ParameterTag:GLib.Variant:GVariant*:):(ParameterTag:gpointer:gpointer:))
    FlowBoxSortFunc                          (CallbackTag:(ParameterTag:gint:int:):FlowBoxSortFunc:(ParameterTag:FlowBoxChild:GtkFlowBoxChild*:):(ParameterTag:FlowBoxChild:GtkFlowBoxChild*:):(ParameterTag:gpointer:gpointer:))
    ExpressionNotify                         (CallbackTag:(ParameterTag:none:void:):ExpressionNotify:(ParameterTag:gpointer:gpointer:))
    PageSetupDoneFunc                        (CallbackTag:(ParameterTag:none:void:):PageSetupDoneFunc:(ParameterTag:PageSetup:GtkPageSetup*:):(ParameterTag:gpointer:gpointer:))
    TreeViewMappingFunc                      (CallbackTag:(ParameterTag:none:void:):TreeViewMappingFunc:(ParameterTag:TreeView:GtkTreeView*:):(ParameterTag:TreePath:GtkTreePath*:):(ParameterTag:gpointer:gpointer:))
    EntryCompletionMatchFunc                 (CallbackTag:(ParameterTag:gboolean:gboolean:):EntryCompletionMatchFunc:(ParameterTag:EntryCompletion:GtkEntryCompletion*:):(ParameterTag:utf8:const char*:):(ParameterTag:TreeIter:GtkTreeIter*:):(ParameterTag:gpointer:gpointer:))
    MapListModelMapFunc                      (CallbackTag:(ParameterTag:GObject.Object:gpointer:):MapListModelMapFunc:(ParameterTag:GObject.Object:gpointer:):(ParameterTag:gpointer:gpointer:))
    PrinterFunc                              (CallbackTag:(ParameterTag:gboolean:gboolean:):PrinterFunc:(ParameterTag:Printer:GtkPrinter*:):(ParameterTag:gpointer:gpointer:))
    TickCallback                             (CallbackTag:(ParameterTag:gboolean:gboolean:):TickCallback:(ParameterTag:Widget:GtkWidget*:):(ParameterTag:Gdk.FrameClock:GdkFrameClock*:):(ParameterTag:gpointer:gpointer:))
    TreeViewSearchEqualFunc                  (CallbackTag:(ParameterTag:gboolean:gboolean:):TreeViewSearchEqualFunc:(ParameterTag:TreeModel:GtkTreeModel*:):(ParameterTag:gint:int:):(ParameterTag:utf8:const char*:):(ParameterTag:TreeIter:GtkTreeIter*:):(ParameterTag:gpointer:gpointer:))
    CellCallback                             (CallbackTag:(ParameterTag:gboolean:gboolean:):CellCallback:(ParameterTag:CellRenderer:GtkCellRenderer*:):(ParameterTag:gpointer:gpointer:))
    TextTagTableForeach                      (CallbackTag:(ParameterTag:none:void:):TextTagTableForeach:(ParameterTag:TextTag:GtkTextTag*:):(ParameterTag:gpointer:gpointer:))
    CellLayoutDataFunc                       (CallbackTag:(ParameterTag:none:void:):CellLayoutDataFunc:(ParameterTag:CellLayout:GtkCellLayout*:):(ParameterTag:CellRenderer:GtkCellRenderer*:):(ParameterTag:TreeModel:GtkTreeModel*:):(ParameterTag:TreeIter:GtkTreeIter*:):(ParameterTag:gpointer:gpointer:))
    FontFilterFunc                           (CallbackTag:(ParameterTag:gboolean:gboolean:):FontFilterFunc:(ParameterTag:Pango.FontFamily:const PangoFontFamily*:):(ParameterTag:Pango.FontFace:const PangoFontFace*:):(ParameterTag:gpointer:gpointer:))
    FlowBoxCreateWidgetFunc                  (CallbackTag:(ParameterTag:Widget:GtkWidget*:):FlowBoxCreateWidgetFunc:(ParameterTag:GObject.Object:gpointer:):(ParameterTag:gpointer:gpointer:))
    FlowBoxForeachFunc                       (CallbackTag:(ParameterTag:none:void:):FlowBoxForeachFunc:(ParameterTag:FlowBox:GtkFlowBox*:):(ParameterTag:FlowBoxChild:GtkFlowBoxChild*:):(ParameterTag:gpointer:gpointer:))
    CustomFilterFunc                         (CallbackTag:(ParameterTag:gboolean:gboolean:):CustomFilterFunc:(ParameterTag:GObject.Object:gpointer:):(ParameterTag:gpointer:gpointer:))
    CustomMeasureFunc                        (CallbackTag:(ParameterTag:none:void:):CustomMeasureFunc:(ParameterTag:Widget:GtkWidget*:):(ParameterTag:Orientation:GtkOrientation:):(ParameterTag:gint:int:):(ParameterTag:gint:int*:):(ParameterTag:gint:int*:):(ParameterTag:gint:int*:):(ParameterTag:gint:int*:))
    PrintJobCompleteFunc                     (CallbackTag:(ParameterTag:none:void:):PrintJobCompleteFunc:(ParameterTag:PrintJob:GtkPrintJob*:):(ParameterTag:gpointer:gpointer:):(ParameterTag:GLib.Error:const GError*:))
    TreeCellDataFunc                         (CallbackTag:(ParameterTag:none:void:):TreeCellDataFunc:(ParameterTag:TreeViewColumn:GtkTreeViewColumn*:):(ParameterTag:CellRenderer:GtkCellRenderer*:):(ParameterTag:TreeModel:GtkTreeModel*:):(ParameterTag:TreeIter:GtkTreeIter*:):(ParameterTag:gpointer:gpointer:))
    ListBoxUpdateHeaderFunc                  (CallbackTag:(ParameterTag:none:void:):ListBoxUpdateHeaderFunc:(ParameterTag:ListBoxRow:GtkListBoxRow*:):(ParameterTag:ListBoxRow:GtkListBoxRow*:):(ParameterTag:gpointer:gpointer:))
    ScaleFormatValueFunc                     (CallbackTag:(ParameterTag:utf8:char*:):ScaleFormatValueFunc:(ParameterTag:Scale:GtkScale*:):(ParameterTag:gdouble:double:):(ParameterTag:gpointer:gpointer:))
    TreeViewRowSeparatorFunc                 (CallbackTag:(ParameterTag:gboolean:gboolean:):TreeViewRowSeparatorFunc:(ParameterTag:TreeModel:GtkTreeModel*:):(ParameterTag:TreeIter:GtkTreeIter*:):(ParameterTag:gpointer:gpointer:))
    ListBoxFilterFunc                        (CallbackTag:(ParameterTag:gboolean:gboolean:):ListBoxFilterFunc:(ParameterTag:ListBoxRow:GtkListBoxRow*:):(ParameterTag:gpointer:gpointer:))
    TreeModelFilterVisibleFunc               (CallbackTag:(ParameterTag:gboolean:gboolean:):TreeModelFilterVisibleFunc:(ParameterTag:TreeModel:GtkTreeModel*:):(ParameterTag:TreeIter:GtkTreeIter*:):(ParameterTag:gpointer:gpointer:))
    PrintSettingsFunc                        (CallbackTag:(ParameterTag:none:void:):PrintSettingsFunc:(ParameterTag:utf8:const char*:):(ParameterTag:utf8:const char*:):(ParameterTag:gpointer:gpointer:))
    ListBoxForeachFunc                       (CallbackTag:(ParameterTag:none:void:):ListBoxForeachFunc:(ParameterTag:ListBox:GtkListBox*:):(ParameterTag:ListBoxRow:GtkListBoxRow*:):(ParameterTag:gpointer:gpointer:))
    FlowBoxFilterFunc                        (CallbackTag:(ParameterTag:gboolean:gboolean:):FlowBoxFilterFunc:(ParameterTag:FlowBoxChild:GtkFlowBoxChild*:):(ParameterTag:gpointer:gpointer:))
    TreeIterCompareFunc                      (CallbackTag:(ParameterTag:gint:int:):TreeIterCompareFunc:(ParameterTag:TreeModel:GtkTreeModel*:):(ParameterTag:TreeIter:GtkTreeIter*:):(ParameterTag:TreeIter:GtkTreeIter*:):(ParameterTag:gpointer:gpointer:))
    TreeModelForeachFunc                     (CallbackTag:(ParameterTag:gboolean:gboolean:):TreeModelForeachFunc:(ParameterTag:TreeModel:GtkTreeModel*:):(ParameterTag:TreePath:GtkTreePath*:):(ParameterTag:TreeIter:GtkTreeIter*:):(ParameterTag:gpointer:gpointer:))
    IconViewForeachFunc                      (CallbackTag:(ParameterTag:none:void:):IconViewForeachFunc:(ParameterTag:IconView:GtkIconView*:):(ParameterTag:TreePath:GtkTreePath*:):(ParameterTag:gpointer:gpointer:))
    TreeModelFilterModifyFunc                (CallbackTag:(ParameterTag:none:void:):TreeModelFilterModifyFunc:(ParameterTag:TreeModel:GtkTreeModel*:):(ParameterTag:TreeIter:GtkTreeIter*:):(ParameterTag:GObject.Value:GValue*:):(ParameterTag:gint:int:):(ParameterTag:gpointer:gpointer:))
    ListBoxSortFunc                          (CallbackTag:(ParameterTag:gint:int:):ListBoxSortFunc:(ParameterTag:ListBoxRow:GtkListBoxRow*:):(ParameterTag:ListBoxRow:GtkListBoxRow*:):(ParameterTag:gpointer:gpointer:))
    CustomRequestModeFunc                    (CallbackTag:(ParameterTag:SizeRequestMode:GtkSizeRequestMode:):CustomRequestModeFunc:(ParameterTag:Widget:GtkWidget*:))
    DrawingAreaDrawFunc                      (CallbackTag:(ParameterTag:none:void:):DrawingAreaDrawFunc:(ParameterTag:DrawingArea:GtkDrawingArea*:):(ParameterTag:cairo.Context:cairo_t*:):(ParameterTag:gint:int:):(ParameterTag:gint:int:):(ParameterTag:gpointer:gpointer:))
    MenuButtonCreatePopupFunc                (CallbackTag:(ParameterTag:none:void:):MenuButtonCreatePopupFunc:(ParameterTag:MenuButton:GtkMenuButton*:):(ParameterTag:gpointer:gpointer:))
    TextCharPredicate                        (CallbackTag:(ParameterTag:gboolean:gboolean:):TextCharPredicate:(ParameterTag:gunichar:gunichar:):(ParameterTag:gpointer:gpointer:))
    TreeViewColumnDropFunc                   (CallbackTag:(ParameterTag:gboolean:gboolean:):TreeViewColumnDropFunc:(ParameterTag:TreeView:GtkTreeView*:):(ParameterTag:TreeViewColumn:GtkTreeViewColumn*:):(ParameterTag:TreeViewColumn:GtkTreeViewColumn*:):(ParameterTag:TreeViewColumn:GtkTreeViewColumn*:):(ParameterTag:gpointer:gpointer:))
    CustomAllocateFunc                       (CallbackTag:(ParameterTag:none:void:):CustomAllocateFunc:(ParameterTag:Widget:GtkWidget*:):(ParameterTag:gint:int:):(ParameterTag:gint:int:):(ParameterTag:gint:int:))
    ListBoxCreateWidgetFunc                  (CallbackTag:(ParameterTag:Widget:GtkWidget*:):ListBoxCreateWidgetFunc:(ParameterTag:GObject.Object:gpointer:):(ParameterTag:gpointer:gpointer:))
    WidgetActionActivateFunc                 (CallbackTag:(ParameterTag:none:void:):WidgetActionActivateFunc:(ParameterTag:Widget:GtkWidget*:):(ParameterTag:utf8:const char*:):(ParameterTag:GLib.Variant:GVariant*:))
    TreeSelectionForeachFunc                 (CallbackTag:(ParameterTag:none:void:):TreeSelectionForeachFunc:(ParameterTag:TreeModel:GtkTreeModel*:):(ParameterTag:TreePath:GtkTreePath*:):(ParameterTag:TreeIter:GtkTreeIter*:):(ParameterTag:gpointer:gpointer:))
}

{gdk
    ContentSerializeFunc                     (CallbackTag:(ParameterTag:none:void:):ContentSerializeFunc:(ParameterTag:ContentSerializer:GdkContentSerializer*:))
    ContentDeserializeFunc                   (CallbackTag:(ParameterTag:none:void:):ContentDeserializeFunc:(ParameterTag:ContentDeserializer:GdkContentDeserializer*:))
}

