{gobject
    ConnectFlags                            
    SignalMatchType                         
    GTypeFlags                              
    GTypeDebugFlags                         
    ParamFlags                              
    TypeDebugFlags                          
    TypeFlags                               
    GSignalFlags                            
    TypeFundamentalFlags                    
    GConnectFlags                           
    GBindingFlags                           
    GTypeFundamentalFlags                   
    SignalFlags                             
    GSignalMatchType                        
    BindingFlags                            
    GParamFlags                             
}

{gdkpixbuf
    PixbufError                             
    GdkPixbufRotation                       
    PixbufRotation                          
    PixbufFormatFlags                       
    PixbufAlphaMode                         
    GdkPixbufFormatFlags                    
    Colorspace                              
    GdkColorspace                           
    GdkPixbufAlphaMode                      
    InterpType                              
    GdkInterpType                           
    GdkPixbufError                          
}

{adw
    Easing                                  
    AdwViewSwitcherPolicy                   
    LeafletTransitionType                   
    AdwNavigationDirection                  
    FlapFoldPolicy                          
    AdwLeafletTransitionType                
    ToastPriority                           
    ColorScheme                             
    ResponseAppearance                      
    AdwSqueezerTransitionType               
    NavigationDirection                     
    FlapTransitionType                      
    AdwToastPriority                        
    AnimationState                          
    SqueezerTransitionType                  
    AdwFlapTransitionType                   
    AdwTabViewShortcuts                     
    AdwAnimationState                       
    AdwResponseAppearance                   
    FoldThresholdPolicy                     
    AdwColorScheme                          
    AdwCenteringPolicy                      
    TabViewShortcuts                        
    CenteringPolicy                         
    ViewSwitcherPolicy                      
    AdwEasing                               
    AdwFlapFoldPolicy                       
    AdwFoldThresholdPolicy                  
}

{cairo
    Operator                                
    FontSlant                               
    HintStyle                               
    cairo_status_t                          
    FontWeight                              
    HintMetrics                             
    Format                                  
    cairo_content_t                         
    PathDataType                            
    cairo_font_weight_t                     
    RegionOverlap                           
    cairo_device_type_t                     
    cairo_pattern_type_t                    
    cairo_fill_rule_t                       
    FillRule                                
    cairo_text_cluster_flags_t              
    cairo_filter_t                          
    LineCap                                 
    cairo_format_t                          
    Status                                  
    PatternType                             
    Antialias                               
    TextClusterFlags                        
    cairo_subpixel_order_t                  
    cairo_font_slant_t                      
    cairo_antialias_t                       
    cairo_hint_style_t                      
    FontType                                
    SurfaceType                             
    cairo_path_data_type_t                  
    SubpixelOrder                           
    cairo_line_cap_t                        
    LineJoin                                
    DeviceType                              
    cairo_hint_metrics_t                    
    cairo_surface_type_t                    
    cairo_font_type_t                       
    cairo_operator_t                        
    Extend                                  
    cairo_extend_t                          
    Filter                                  
    Content                                 
    cairo_line_join_t                       
    cairo_region_overlap_t                  
}

{gio
    TlsCertificateRequestFlags              
    GNetworkConnectivity                    
    GBusNameWatcherFlags                    
    GTlsError                               
    GTlsPasswordFlags                       
    GDBusMessageHeaderField                 
    GTlsAuthenticationMode                  
    GOutputStreamSpliceFlags                
    TestDBusFlags                           
    GTlsProtocolVersion                     
    GTlsCertificateRequestFlags             
    GAskPasswordFlags                       
    ResolverRecordType                      
    TlsAuthenticationMode                   
    TlsDatabaseLookupFlags                  
    AskPasswordFlags                        
    GDBusInterfaceSkeletonFlags             
    DBusMessageType                         
    FileAttributeType                       
    FileCopyFlags                           
    TlsPasswordFlags                        
    GDBusSubtreeFlags                       
    ResolverError                           
    GDriveStartFlags                        
    GResourceLookupFlags                    
    GResourceFlags                          
    DBusMessageFlags                        
    MountOperationResult                    
    DBusServerFlags                         
    GUnixSocketAddressType                  
    BusNameOwnerFlags                       
    GDataStreamNewlineType                  
    SocketFamily                            
    GDataStreamByteOrder                    
    DBusMessageHeaderField                  
    FileCreateFlags                         
    CredentialsType                         
    GTlsRehandshakeMode                     
    MemoryMonitorWarningLevel               
    TlsChannelBindingError                  
    DBusSubtreeFlags                        
    SocketClientEvent                       
    DataStreamByteOrder                     
    GNotificationPriority                   
    PasswordSave                            
    PollableReturn                          
    IOErrorEnum                             
    SocketListenerEvent                     
    DBusInterfaceSkeletonFlags              
    GSettingsBindFlags                      
    GTlsDatabaseLookupFlags                 
    GTlsInteractionResult                   
    DBusProxyFlags                          
    GResolverRecordType                     
    ApplicationFlags                        
    MountMountFlags                         
    GFileAttributeType                      
    DBusCallFlags                           
    GBusType                                
    EmblemOrigin                            
    ConverterFlags                          
    ResourceFlags                           
    TlsCertificateFlags                     
    SubprocessFlags                         
    IOStreamSpliceFlags                     
    GPasswordSave                           
    GDBusError                              
    ResourceLookupFlags                     
    TlsInteractionResult                    
    GMountOperationResult                   
    SettingsBindFlags                       
    ConverterResult                         
    DBusPropertyInfoFlags                   
    GEmblemOrigin                           
    DBusError                               
    TlsChannelBindingType                   
    GAppInfoCreateFlags                     
    GFileMonitorEvent                       
    GResourceError                          
    GDBusProxyFlags                         
    GIOStreamSpliceFlags                    
    GDBusMessageType                        
    GDBusSendMessageFlags                   
    GSocketMsgFlags                         
    BusNameWatcherFlags                     
    ZlibCompressorFormat                    
    GMemoryMonitorWarningLevel              
    GTlsChannelBindingError                 
    FileQueryInfoFlags                      
    TlsRehandshakeMode                      
    GFileCopyFlags                          
    GDriveStartStopType                     
    GFileMeasureFlags                       
    GTlsChannelBindingType                  
    GBusNameOwnerFlags                      
    GFilesystemPreviewType                  
    NotificationPriority                    
    GPollableReturn                         
    GDBusMessageFlags                       
    IOModuleScopeFlags                      
    GTlsCertificateFlags                    
    SocketProtocol                          
    GDBusPropertyInfoFlags                  
    GTestDBusFlags                          
    GConverterResult                        
    GDBusCapabilityFlags                    
    GMountMountFlags                        
    TlsError                                
    FileMeasureFlags                        
    MountUnmountFlags                       
    GSocketClientEvent                      
    OutputStreamSpliceFlags                 
    GConverterFlags                         
    GResolverError                          
    GDBusMessageByteOrder                   
    GFileMonitorFlags                       
    GTlsDatabaseVerifyFlags                 
    GFileAttributeStatus                    
    NetworkConnectivity                     
    GMountUnmountFlags                      
    DriveStartFlags                         
    GFileAttributeInfoFlags                 
    GFileQueryInfoFlags                     
    SocketType                              
    GFileType                               
    BusType                                 
    FileMonitorFlags                        
    DBusObjectManagerClientFlags            
    GDBusServerFlags                        
    GIOErrorEnum                            
    DBusSignalFlags                         
    GResolverNameLookupFlags                
    ResolverNameLookupFlags                 
    SocketMsgFlags                          
    DataStreamNewlineType                   
    GSocketListenerEvent                    
    GZlibCompressorFormat                   
    GDBusConnectionFlags                    
    DriveStartStopType                      
    DBusConnectionFlags                     
    FileMonitorEvent                        
    GSubprocessFlags                        
    GSocketFamily                           
    TlsProtocolVersion                      
    DBusSendMessageFlags                    
    GDBusSignalFlags                        
    GDBusObjectManagerClientFlags           
    FileAttributeStatus                     
    GSocketType                             
    GCredentialsType                        
    ResourceError                           
    GFileCreateFlags                        
    UnixSocketAddressType                   
    FilesystemPreviewType                   
    GIOModuleScopeFlags                     
    GSocketProtocol                         
    GDBusCallFlags                          
    DBusCapabilityFlags                     
    DBusMessageByteOrder                    
    FileType                                
    GApplicationFlags                       
    FileAttributeInfoFlags                  
    TlsDatabaseVerifyFlags                  
    AppInfoCreateFlags                      
}

{geoclue
    ClientProxyCreateFlags                  
    GClueClientProxyCreateFlags             
    GClueAccuracyLevel                      
    AccuracyLevel                           
}

{pango
    CoverageLevel                           
    Overline                                
    PangoFontScale                          
    ShapeFlags                              
    BaselineShift                           
    LayoutSerializeFlags                    
    PangoLayoutSerializeFlags               
    PangoAttrType                           
    Alignment                               
    BidiType                                
    Underline                               
    PangoVariant                            
    PangoOverline                           
    TextTransform                           
    Script                                  
    PangoShowFlags                          
    PangoRenderPart                         
    PangoWeight                             
    Weight                                  
    TabAlign                                
    Variant                                 
    AttrType                                
    RenderPart                              
    PangoCoverageLevel                      
    PangoScript                             
    PangoBaselineShift                      
    PangoGravity                            
    PangoFontMask                           
    PangoUnderline                          
    PangoAlignment                          
    PangoTextTransform                      
    WrapMode                                
    Direction                               
    PangoStretch                            
    GravityHint                             
    LayoutDeserializeFlags                  
    FontMask                                
    Style                                   
    PangoGravityHint                        
    Gravity                                 
    PangoLayoutDeserializeFlags             
    FontScale                               
    PangoBidiType                           
    Stretch                                 
    LayoutDeserializeError                  
    PangoTabAlign                           
    PangoDirection                          
    ShowFlags                               
    PangoEllipsizeMode                      
    PangoLayoutDeserializeError             
    PangoShapeFlags                         
    PangoWrapMode                           
    EllipsizeMode                           
    PangoStyle                              
}

{gsk
    GskTransformCategory                    
    BlendMode                               
    TransformCategory                       
    ScalingFilter                           
    GskScalingFilter                        
    GskRenderNodeType                       
    GskBlendMode                            
    SerializationError                      
    Corner                                  
    GLUniformType                           
    GskCorner                               
    RenderNodeType                          
    GskSerializationError                   
    GskGLUniformType                        
}

{graphene
    graphene_ray_intersection_kind_t        
    graphene_euler_order_t                  
    EulerOrder                              
    RayIntersectionKind                     
}

{glib
    GMarkupCollectType                      
    GUserDirectory                          
    GTestSubprocessFlags                    
    ChecksumType                            
    GTimeType                               
    GSeekType                               
    GThreadError                            
    GDateMonth                              
    GShellError                             
    GUriError                               
    FormatSizeFlags                         
    LogLevelFlags                           
    GTraverseFlags                          
    GIOChannelError                         
    UriFlags                                
    TestFileType                            
    BookmarkFileError                       
    UnicodeScript                           
    ConvertError                            
    GMarkupError                            
    TestResult                              
    GRegexCompileFlags                      
    GIOFlags                                
    RegexMatchFlags                         
    GOptionError                            
    MarkupError                             
    RegexCompileFlags                       
    GSpawnFlags                             
    SpawnFlags                              
    IOChannelError                          
    ShellError                              
    VariantClass                            
    TraverseType                            
    MarkupParseFlags                        
    HookFlagMask                            
    FileError                               
    GTestLogType                            
    UnicodeType                             
    GTestResult                             
    GBookmarkFileError                      
    FileTest                                
    FileSetContentsFlags                    
    GUnicodeScript                          
    GHookFlagMask                           
    TokenType                               
    ErrorType                               
    OptionFlags                             
    MarkupCollectType                       
    GTestTrapFlags                          
    GVariantClass                           
    DateDMY                                 
    GKeyFileFlags                           
    UriError                                
    GFileTest                               
    IOCondition                             
    GTokenType                              
    TestSubprocessFlags                     
    KeyFileFlags                            
    GUriHideFlags                           
    GFileSetContentsFlags                   
    NormalizeMode                           
    GRegexError                             
    GChecksumType                           
    IOFlags                                 
    GMainContextFlags                       
    GDateDMY                                
    GFileError                              
    UserDirectory                           
    GIOStatus                               
    GConvertError                           
    SliceConfig                             
    GNormalizeMode                          
    RegexError                              
    GTraverseType                           
    UriHideFlags                            
    GUriFlags                               
    UnicodeBreakType                        
    GUriParamsFlags                         
    TraverseFlags                           
    GMarkupParseFlags                       
    SpawnError                              
    AsciiType                               
    GOptionFlags                            
    LogWriterOutput                         
    GSliceConfig                            
    GErrorType                              
    GAsciiType                              
    GIOCondition                            
    GIOError                                
    GTestFileType                           
    GFormatSizeFlags                        
    DateWeekday                             
    GSpawnError                             
    IOStatus                                
    DateMonth                               
    SeekType                                
    TimeType                                
    MainContextFlags                        
    GLogWriterOutput                        
    GKeyFileError                           
    GOptionArg                              
    GNumberParserError                      
    VariantParseError                       
    NumberParserError                       
    GDateWeekday                            
    OnceStatus                              
    GOnceStatus                             
    KeyFileError                            
    GUnicodeType                            
    TestLogType                             
    ThreadError                             
    OptionError                             
    GVariantParseError                      
    OptionArg                               
    TestTrapFlags                           
    IOError                                 
    UriParamsFlags                          
    GRegexMatchFlags                        
    GLogLevelFlags                          
    GUnicodeBreakType                       
}

{gtk
    GtkIconViewDropPosition                 
    GtkSymbolicColor                        
    EventSequenceState                      
    ShortcutScope                           
    ScrollablePolicy                        
    PopoverMenuFlags                        
    GtkCssParserWarning                     
    ImageType                               
    TextDirection                           
    GtkIconSize                             
    Justification                           
    GtkPrintPages                           
    GtkAccessibleSort                       
    GtkTreeViewGridLines                    
    RevealerTransitionType                  
    GtkTreeViewDropPosition                 
    Orientation                             
    GtkAccessibleRelation                   
    GtkCellRendererAccelMode                
    InscriptionOverflow                     
    GtkCssParserError                       
    GtkTextExtendSelection                  
    PrintCapabilities                       
    StyleContextPrintFlags                  
    GtkApplicationInhibitFlags              
    GtkEventControllerScrollFlags           
    GtkNaturalWrapMode                      
    PrintOperationAction                    
    GtkRevealerTransitionType               
    AccessibleRole                          
    GtkOrdering                             
    LevelBarMode                            
    PanDirection                            
    GtkStackTransitionType                  
    FilterMatch                             
    GtkFileChooserAction                    
    DeleteType                              
    GtkInputHints                           
    MovementStep                            
    GtkStateFlags                           
    PageSet                                 
    ConstraintVflParserError                
    PolicyType                              
    SizeRequestMode                         
    GtkImageType                            
    GtkDirectionType                        
    SorterChange                            
    TreeModelFlags                          
    TreeViewDropPosition                    
    FileChooserAction                       
    GtkSpinButtonUpdatePolicy               
    GtkNumberUpLayout                       
    IconThemeError                          
    ContentFit                              
    EntryIconPosition                       
    AccessibleAutocomplete                  
    GtkAccessibleInvalidState               
    GtkScrollType                           
    GtkPrintOperationAction                 
    TextSearchFlags                         
    GtkUnit                                 
    GtkAccessibleProperty                   
    GtkNotebookTab                          
    GtkMessageType                          
    GtkAlign                                
    RecentManagerError                      
    ArrowType                               
    GtkBuilderError                         
    GtkPageOrientation                      
    GtkIconThemeError                       
    GtkPickFlags                            
    GtkBaselinePosition                     
    GtkShortcutType                         
    GtkSizeGroupMode                        
    DialogFlags                             
    AccessibleRelation                      
    Ordering                                
    GtkEntryIconPosition                    
    GtkInputPurpose                         
    GtkEventSequenceState                   
    MessageType                             
    TreeViewGridLines                       
    SpinType                                
    PageOrientation                         
    GtkBuilderClosureFlags                  
    PadActionType                           
    GtkPopoverMenuFlags                     
    PickFlags                               
    PrintDuplex                             
    ResponseType                            
    ShortcutActionFlags                     
    IconLookupFlags                         
    AccessibleInvalidState                  
    GtkFileChooserError                     
    SelectionMode                           
    GtkLicense                              
    GtkTextSearchFlags                      
    GtkButtonsType                          
    ConstraintAttribute                     
    WrapMode                                
    GtkDialogFlags                          
    GtkPositionType                         
    PrintError                              
    GtkSelectionMode                        
    GtkSpinType                             
    GtkAccessibleAutocomplete               
    FileChooserError                        
    GtkSensitivityType                      
    SpinButtonUpdatePolicy                  
    GtkAssistantPageType                    
    GtkInscriptionOverflow                  
    GtkAccessibleRole                       
    GtkSorterOrder                          
    GtkConstraintStrength                   
    GtkPrintError                           
    SortType                                
    EventControllerScrollFlags              
    AccessibleProperty                      
    GtkConstraintRelation                   
    NumberUpLayout                          
    SizeGroupMode                           
    GtkTreeModelFlags                       
    ScrollType                              
    GtkTreeViewColumnSizing                 
    License                                 
    AccessibleTristate                      
    PrintPages                              
    GtkPolicyType                           
    GtkStringFilterMatchMode                
    StackTransitionType                     
    GtkWrapMode                             
    GtkRecentManagerError                   
    CellRendererAccelMode                   
    GtkTextViewLayer                        
    GtkSortType                             
    Align                                   
    AccessibleState                         
    DirectionType                           
    GtkFilterMatch                          
    PrintOperationResult                    
    EditableProperties                      
    GtkPrintCapabilities                    
    GtkTextDirection                        
    PropagationPhase                        
    GtkSystemSetting                        
    TextWindowType                          
    PrintQuality                            
    CssParserError                          
    ApplicationInhibitFlags                 
    GtkShortcutScope                        
    StateFlags                              
    GtkCellRendererState                    
    GtkOrientation                          
    Overflow                                
    GtkDeleteType                           
    SorterOrder                             
    GtkSorterChange                         
    GtkConstraintVflParserError             
    TextExtendSelection                     
    PropagationLimit                        
    PrintStatus                             
    GtkPrintOperationResult                 
    BaselinePosition                        
    GtkArrowType                            
    InputPurpose                            
    ConstraintStrength                      
    GtkPanDirection                         
    GtkLevelBarMode                         
    SymbolicColor                           
    InputHints                              
    ConstraintRelation                      
    GtkFilterChange                         
    GtkContentFit                           
    GtkPadActionType                        
    GtkAccessibleState                      
    GtkCornerType                           
    GtkBorderStyle                          
    PackType                                
    GtkPrintStatus                          
    GtkResponseType                         
    GtkAccessibleTristate                   
    CellRendererMode                        
    Unit                                    
    FontChooserLevel                        
    GtkOverflow                             
    ScrollStep                              
    AssistantPageType                       
    FilterChange                            
    CssParserWarning                        
    NotebookTab                             
    GtkPrintQuality                         
    GtkPageSet                              
    BorderStyle                             
    DebugFlags                              
    ButtonsType                             
    CornerType                              
    AccessibleSort                          
    GtkEditableProperties                   
    GtkDebugFlags                           
    SensitivityType                         
    GtkMovementStep                         
    CellRendererState                       
    GtkConstraintAttribute                  
    GtkJustification                        
    GtkShortcutActionFlags                  
    GtkSizeRequestMode                      
    GtkFontChooserLevel                     
    GtkPrintDuplex                          
    ShortcutType                            
    GtkCellRendererMode                     
    TreeViewColumnSizing                    
    GtkIconLookupFlags                      
    IconViewDropPosition                    
    BuilderClosureFlags                     
    GtkStyleContextPrintFlags               
    IconSize                                
    GtkPropagationPhase                     
    GtkScrollStep                           
    BuilderError                            
    NaturalWrapMode                         
    GtkTextWindowType                       
    SystemSetting                           
    PositionType                            
    GtkPackType                             
    TextViewLayer                           
    GtkScrollablePolicy                     
    GtkPropagationLimit                     
    StringFilterMatchMode                   
}

{gdk
    InputSource                             
    CrossingMode                            
    EventType                               
    GdkScrollUnit                           
    GdkAxisFlags                            
    GdkToplevelState                        
    FrameClockPhase                         
    FullscreenMode                          
    MemoryFormat                            
    GdkPaintableFlags                       
    GdkGLError                              
    GdkFrameClockPhase                      
    GdkEventType                            
    ModifierType                            
    DevicePadFeature                        
    SeatCapabilities                        
    GdkDragCancelReason                     
    NotifyType                              
    GdkDevicePadFeature                     
    GdkGLAPI                                
    ToplevelState                           
    GdkSeatCapabilities                     
    DragAction                              
    GdkSurfaceEdge                          
    VulkanError                             
    GdkDeviceToolType                       
    SurfaceEdge                             
    GdkAnchorHints                          
    GLError                                 
    GdkSubpixelLayout                       
    AxisUse                                 
    GdkKeyMatch                             
    GdkMemoryFormat                         
    ScrollDirection                         
    GdkGravity                              
    PaintableFlags                          
    GdkInputSource                          
    DragCancelReason                        
    GdkCrossingMode                         
    ScrollUnit                              
    GdkModifierType                         
    GdkAxisUse                              
    TouchpadGesturePhase                    
    GdkTextureError                         
    GdkScrollDirection                      
    Gravity                                 
    AnchorHints                             
    AxisFlags                               
    DeviceToolType                          
    GdkNotifyType                           
    GdkVulkanError                          
    GdkTouchpadGesturePhase                 
    GdkDragAction                           
    GdkFullscreenMode                       
    TextureError                            
    KeyMatch                                
    SubpixelLayout                          
    GLAPI                                   
    GdkTitlebarGesture                      
    TitlebarGesture                         
}

